{"C:\\Nadruki\\magazyn-serwer\\src\\helpers.ts": {"path":"C:\\Nadruki\\magazyn-serwer\\src\\helpers.ts","statementMap":{"0":{"start":{"line":4,"column":28},"end":{"line":4,"column":30}},"1":{"start":{"line":6,"column":4},"end":{"line":26,"column":null}},"2":{"start":{"line":6,"column":24},"end":{"line":6,"column":25}},"3":{"start":{"line":7,"column":49},"end":{"line":7,"column":56}},"4":{"start":{"line":8,"column":33},"end":{"line":8,"column":35}},"5":{"start":{"line":9,"column":34},"end":{"line":9,"column":36}},"6":{"start":{"line":11,"column":8},"end":{"line":20,"column":null}},"7":{"start":{"line":13,"column":16},"end":{"line":13,"column":33}},"8":{"start":{"line":14,"column":16},"end":{"line":14,"column":22}},"9":{"start":{"line":16,"column":16},"end":{"line":16,"column":33}},"10":{"start":{"line":17,"column":16},"end":{"line":17,"column":22}},"11":{"start":{"line":19,"column":16},"end":{"line":19,"column":33}},"12":{"start":{"line":22,"column":8},"end":{"line":22,"column":37}},"13":{"start":{"line":24,"column":8},"end":{"line":24,"column":40}},"14":{"start":{"line":25,"column":8},"end":{"line":25,"column":37}},"15":{"start":{"line":28,"column":4},"end":{"line":28,"column":31}},"16":{"start":{"line":42,"column":9},"end":{"line":42,"column":19}},"17":{"start":{"line":32,"column":26},"end":{"line":32,"column":28}},"18":{"start":{"line":34,"column":4},"end":{"line":37,"column":null}},"19":{"start":{"line":34,"column":24},"end":{"line":34,"column":25}},"20":{"start":{"line":35,"column":42},"end":{"line":35,"column":49}},"21":{"start":{"line":36,"column":8},"end":{"line":36,"column":51}},"22":{"start":{"line":39,"column":4},"end":{"line":39,"column":20}},"23":{"start":{"line":42,"column":21},"end":{"line":42,"column":29}}},"fnMap":{"0":{"name":"filterData","decl":{"start":{"line":3,"column":9},"end":{"line":3,"column":19}},"loc":{"start":{"line":3,"column":35},"end":{"line":29,"column":1}}},"1":{"name":"sortData","decl":{"start":{"line":31,"column":9},"end":{"line":31,"column":17}},"loc":{"start":{"line":31,"column":33},"end":{"line":40,"column":1}}}},"branchMap":{"0":{"loc":{"start":{"line":11,"column":8},"end":{"line":20,"column":null}},"type":"switch","locations":[{"start":{"line":12,"column":12},"end":{"line":14,"column":22}},{"start":{"line":15,"column":12},"end":{"line":17,"column":22}},{"start":{"line":18,"column":12},"end":{"line":19,"column":33}}]},"1":{"loc":{"start":{"line":36,"column":26},"end":{"line":36,"column":50}},"type":"cond-expr","locations":[{"start":{"line":36,"column":44},"end":{"line":36,"column":45}},{"start":{"line":36,"column":48},"end":{"line":36,"column":50}}]}},"s":{"0":6,"1":6,"2":6,"3":7,"4":7,"5":7,"6":7,"7":1,"8":1,"9":5,"10":5,"11":1,"12":7,"13":7,"14":7,"15":6,"16":1,"17":5,"18":5,"19":5,"20":6,"21":6,"22":5,"23":1},"f":{"0":6,"1":5},"b":{"0":[1,5,1],"1":[4,2]}}
,"C:\\Nadruki\\magazyn-serwer\\src\\graphql\\resolvers\\productResolvers.ts": {"path":"C:\\Nadruki\\magazyn-serwer\\src\\graphql\\resolvers\\productResolvers.ts","statementMap":{"0":{"start":{"line":1,"column":0},"end":{"line":1,"column":54}},"1":{"start":{"line":3,"column":0},"end":{"line":3,"column":53}},"2":{"start":{"line":4,"column":0},"end":{"line":4,"column":55}},"3":{"start":{"line":6,"column":25},"end":{"line":92,"column":null}},"4":{"start":{"line":13,"column":12},"end":{"line":21,"column":null}},"5":{"start":{"line":14,"column":16},"end":{"line":14,"column":72}},"6":{"start":{"line":14,"column":24},"end":{"line":14,"column":72}},"7":{"start":{"line":15,"column":16},"end":{"line":15,"column":79}},"8":{"start":{"line":15,"column":37},"end":{"line":15,"column":79}},"9":{"start":{"line":17,"column":48},"end":{"line":17,"column":79}},"10":{"start":{"line":18,"column":16},"end":{"line":18,"column":85}},"11":{"start":{"line":18,"column":29},"end":{"line":18,"column":85}},"12":{"start":{"line":20,"column":16},"end":{"line":20,"column":31}},"13":{"start":{"line":22,"column":35},"end":{"line":22,"column":null}},"14":{"start":{"line":22,"column":36},"end":{"line":22,"column":null}},"15":{"start":{"line":28,"column":12},"end":{"line":33,"column":null}},"16":{"start":{"line":29,"column":12},"end":{"line":29,"column":114}},"17":{"start":{"line":29,"column":65},"end":{"line":29,"column":114}},"18":{"start":{"line":30,"column":12},"end":{"line":30,"column":71}},"19":{"start":{"line":30,"column":24},"end":{"line":30,"column":71}},"20":{"start":{"line":32,"column":12},"end":{"line":32,"column":82}},"21":{"start":{"line":39,"column":12},"end":{"line":43,"column":null}},"22":{"start":{"line":40,"column":12},"end":{"line":40,"column":109}},"23":{"start":{"line":40,"column":59},"end":{"line":40,"column":109}},"24":{"start":{"line":41,"column":12},"end":{"line":41,"column":95}},"25":{"start":{"line":41,"column":25},"end":{"line":41,"column":95}},"26":{"start":{"line":42,"column":12},"end":{"line":42,"column":64}},"27":{"start":{"line":51,"column":12},"end":{"line":54,"column":null}},"28":{"start":{"line":52,"column":12},"end":{"line":52,"column":86}},"29":{"start":{"line":52,"column":33},"end":{"line":52,"column":86}},"30":{"start":{"line":53,"column":12},"end":{"line":53,"column":125}},"31":{"start":{"line":60,"column":12},"end":{"line":77,"column":null}},"32":{"start":{"line":61,"column":12},"end":{"line":61,"column":106}},"33":{"start":{"line":61,"column":64},"end":{"line":61,"column":106}},"34":{"start":{"line":62,"column":46},"end":{"line":62,"column":48}},"35":{"start":{"line":63,"column":42},"end":{"line":63,"column":62}},"36":{"start":{"line":65,"column":12},"end":{"line":65,"column":89}},"37":{"start":{"line":65,"column":40},"end":{"line":65,"column":89}},"38":{"start":{"line":67,"column":12},"end":{"line":70,"column":null}},"39":{"start":{"line":67,"column":24},"end":{"line":67,"column":25}},"40":{"start":{"line":68,"column":43},"end":{"line":68,"column":57}},"41":{"start":{"line":69,"column":16},"end":{"line":69,"column":112}},"42":{"start":{"line":69,"column":40},"end":{"line":69,"column":112}},"43":{"start":{"line":72,"column":51},"end":{"line":72,"column":136}},"44":{"start":{"line":74,"column":12},"end":{"line":74,"column":103}},"45":{"start":{"line":74,"column":32},"end":{"line":74,"column":103}},"46":{"start":{"line":76,"column":12},"end":{"line":76,"column":34}},"47":{"start":{"line":82,"column":24},"end":{"line":90,"column":null}},"48":{"start":{"line":83,"column":16},"end":{"line":83,"column":77}},"49":{"start":{"line":83,"column":35},"end":{"line":83,"column":77}},"50":{"start":{"line":85,"column":55},"end":{"line":85,"column":95}},"51":{"start":{"line":87,"column":16},"end":{"line":87,"column":107}},"52":{"start":{"line":87,"column":36},"end":{"line":87,"column":107}},"53":{"start":{"line":89,"column":16},"end":{"line":89,"column":38}},"54":{"start":{"line":94,"column":0},"end":{"line":94,"column":32}}},"fnMap":{"0":{"name":"(anonymous_8)","decl":{"start":{"line":8,"column":20},"end":{"line":8,"column":null}},"loc":{"start":{"line":13,"column":12},"end":{"line":21,"column":null}}},"1":{"name":"(anonymous_9)","decl":{"start":{"line":13,"column":12},"end":{"line":13,"column":null}},"loc":{"start":{"line":13,"column":12},"end":{"line":21,"column":13}}},"2":{"name":"(anonymous_10)","decl":{"start":{"line":22,"column":24},"end":{"line":22,"column":33}},"loc":{"start":{"line":22,"column":35},"end":{"line":22,"column":null}}},"3":{"name":"(anonymous_11)","decl":{"start":{"line":22,"column":35},"end":{"line":22,"column":36}},"loc":{"start":{"line":22,"column":35},"end":{"line":22,"column":null}}},"4":{"name":"(anonymous_12)","decl":{"start":{"line":23,"column":29},"end":{"line":23,"column":null}},"loc":{"start":{"line":28,"column":12},"end":{"line":33,"column":null}}},"5":{"name":"(anonymous_13)","decl":{"start":{"line":28,"column":12},"end":{"line":28,"column":null}},"loc":{"start":{"line":28,"column":12},"end":{"line":33,"column":9}}},"6":{"name":"(anonymous_14)","decl":{"start":{"line":34,"column":27},"end":{"line":34,"column":null}},"loc":{"start":{"line":39,"column":12},"end":{"line":43,"column":null}}},"7":{"name":"(anonymous_15)","decl":{"start":{"line":39,"column":12},"end":{"line":39,"column":null}},"loc":{"start":{"line":39,"column":12},"end":{"line":43,"column":9}}},"8":{"name":"(anonymous_16)","decl":{"start":{"line":46,"column":23},"end":{"line":46,"column":null}},"loc":{"start":{"line":51,"column":12},"end":{"line":54,"column":null}}},"9":{"name":"(anonymous_17)","decl":{"start":{"line":51,"column":12},"end":{"line":51,"column":null}},"loc":{"start":{"line":51,"column":12},"end":{"line":54,"column":9}}},"10":{"name":"(anonymous_18)","decl":{"start":{"line":55,"column":23},"end":{"line":55,"column":null}},"loc":{"start":{"line":60,"column":12},"end":{"line":77,"column":null}}},"11":{"name":"(anonymous_19)","decl":{"start":{"line":60,"column":12},"end":{"line":60,"column":null}},"loc":{"start":{"line":60,"column":12},"end":{"line":77,"column":9}}},"12":{"name":"(anonymous_20)","decl":{"start":{"line":78,"column":23},"end":{"line":78,"column":null}},"loc":{"start":{"line":82,"column":24},"end":{"line":90,"column":null}}},"13":{"name":"(anonymous_21)","decl":{"start":{"line":82,"column":24},"end":{"line":82,"column":null}},"loc":{"start":{"line":82,"column":24},"end":{"line":90,"column":13}}}},"branchMap":{"0":{"loc":{"start":{"line":14,"column":16},"end":{"line":14,"column":72}},"type":"if","locations":[{"start":{"line":14,"column":16},"end":{"line":14,"column":72}}]},"1":{"loc":{"start":{"line":15,"column":16},"end":{"line":15,"column":79}},"type":"if","locations":[{"start":{"line":15,"column":16},"end":{"line":15,"column":79}}]},"2":{"loc":{"start":{"line":18,"column":16},"end":{"line":18,"column":85}},"type":"if","locations":[{"start":{"line":18,"column":16},"end":{"line":18,"column":85}}]},"3":{"loc":{"start":{"line":29,"column":12},"end":{"line":29,"column":114}},"type":"if","locations":[{"start":{"line":29,"column":12},"end":{"line":29,"column":114}}]},"4":{"loc":{"start":{"line":29,"column":15},"end":{"line":29,"column":63}},"type":"binary-expr","locations":[{"start":{"line":29,"column":15},"end":{"line":29,"column":24}},{"start":{"line":29,"column":29},"end":{"line":29,"column":37}},{"start":{"line":29,"column":41},"end":{"line":29,"column":62}}]},"5":{"loc":{"start":{"line":30,"column":12},"end":{"line":30,"column":71}},"type":"if","locations":[{"start":{"line":30,"column":12},"end":{"line":30,"column":71}}]},"6":{"loc":{"start":{"line":40,"column":12},"end":{"line":40,"column":109}},"type":"if","locations":[{"start":{"line":40,"column":12},"end":{"line":40,"column":109}}]},"7":{"loc":{"start":{"line":40,"column":15},"end":{"line":40,"column":57}},"type":"binary-expr","locations":[{"start":{"line":40,"column":15},"end":{"line":40,"column":22}},{"start":{"line":40,"column":27},"end":{"line":40,"column":33}},{"start":{"line":40,"column":37},"end":{"line":40,"column":56}}]},"8":{"loc":{"start":{"line":41,"column":12},"end":{"line":41,"column":95}},"type":"if","locations":[{"start":{"line":41,"column":12},"end":{"line":41,"column":95}}]},"9":{"loc":{"start":{"line":48,"column":39},"end":{"line":48,"column":49}},"type":"default-arg","locations":[{"start":{"line":48,"column":47},"end":{"line":48,"column":49}}]},"10":{"loc":{"start":{"line":48,"column":51},"end":{"line":48,"column":62}},"type":"default-arg","locations":[{"start":{"line":48,"column":61},"end":{"line":48,"column":62}}]},"11":{"loc":{"start":{"line":48,"column":64},"end":{"line":48,"column":78}},"type":"default-arg","locations":[{"start":{"line":48,"column":77},"end":{"line":48,"column":78}}]},"12":{"loc":{"start":{"line":48,"column":80},"end":{"line":48,"column":89}},"type":"default-arg","locations":[{"start":{"line":48,"column":88},"end":{"line":48,"column":89}}]},"13":{"loc":{"start":{"line":48,"column":91},"end":{"line":48,"column":101}},"type":"default-arg","locations":[{"start":{"line":48,"column":100},"end":{"line":48,"column":101}}]},"14":{"loc":{"start":{"line":48,"column":103},"end":{"line":48,"column":113}},"type":"default-arg","locations":[{"start":{"line":48,"column":112},"end":{"line":48,"column":113}}]},"15":{"loc":{"start":{"line":48,"column":115},"end":{"line":48,"column":129}},"type":"default-arg","locations":[{"start":{"line":48,"column":127},"end":{"line":48,"column":129}}]},"16":{"loc":{"start":{"line":52,"column":12},"end":{"line":52,"column":86}},"type":"if","locations":[{"start":{"line":52,"column":12},"end":{"line":52,"column":86}}]},"17":{"loc":{"start":{"line":52,"column":15},"end":{"line":52,"column":31}},"type":"binary-expr","locations":[{"start":{"line":52,"column":15},"end":{"line":52,"column":21}},{"start":{"line":52,"column":25},"end":{"line":52,"column":31}}]},"18":{"loc":{"start":{"line":61,"column":12},"end":{"line":61,"column":106}},"type":"if","locations":[{"start":{"line":61,"column":12},"end":{"line":61,"column":106}}]},"19":{"loc":{"start":{"line":61,"column":15},"end":{"line":61,"column":62}},"type":"binary-expr","locations":[{"start":{"line":61,"column":15},"end":{"line":61,"column":22}},{"start":{"line":61,"column":26},"end":{"line":61,"column":36}},{"start":{"line":61,"column":40},"end":{"line":61,"column":62}}]},"20":{"loc":{"start":{"line":65,"column":12},"end":{"line":65,"column":89}},"type":"if","locations":[{"start":{"line":65,"column":12},"end":{"line":65,"column":89}}]},"21":{"loc":{"start":{"line":69,"column":16},"end":{"line":69,"column":112}},"type":"if","locations":[{"start":{"line":69,"column":16},"end":{"line":69,"column":112}}]},"22":{"loc":{"start":{"line":74,"column":12},"end":{"line":74,"column":103}},"type":"if","locations":[{"start":{"line":74,"column":12},"end":{"line":74,"column":103}}]},"23":{"loc":{"start":{"line":83,"column":16},"end":{"line":83,"column":77}},"type":"if","locations":[{"start":{"line":83,"column":16},"end":{"line":83,"column":77}}]},"24":{"loc":{"start":{"line":87,"column":16},"end":{"line":87,"column":107}},"type":"if","locations":[{"start":{"line":87,"column":16},"end":{"line":87,"column":107}}]}},"s":{"0":1,"1":1,"2":1,"3":1,"4":4,"5":4,"6":1,"7":3,"8":1,"9":2,"10":2,"11":1,"12":1,"13":1,"14":1,"15":6,"16":6,"17":1,"18":5,"19":4,"20":1,"21":5,"22":5,"23":1,"24":4,"25":1,"26":3,"27":2,"28":2,"29":1,"30":1,"31":4,"32":4,"33":1,"34":3,"35":3,"36":3,"37":1,"38":2,"39":2,"40":4,"41":4,"42":2,"43":2,"44":2,"45":1,"46":1,"47":3,"48":3,"49":1,"50":2,"51":2,"52":1,"53":1,"54":1},"f":{"0":4,"1":4,"2":1,"3":1,"4":6,"5":6,"6":5,"7":5,"8":2,"9":2,"10":4,"11":4,"12":3,"13":3},"b":{"0":[1],"1":[1],"2":[1],"3":[1],"4":[6,6,6],"5":[4],"6":[1],"7":[5,5,5],"8":[1],"9":[1],"10":[1],"11":[1],"12":[1],"13":[1],"14":[1],"15":[1],"16":[1],"17":[2,1],"18":[1],"19":[4,4,4],"20":[1],"21":[2],"22":[1],"23":[1],"24":[1]}}
,"C:\\Nadruki\\magazyn-serwer\\src\\graphql\\resolvers\\taskResolvers.ts": {"path":"C:\\Nadruki\\magazyn-serwer\\src\\graphql\\resolvers\\taskResolvers.ts","statementMap":{"0":{"start":{"line":1,"column":0},"end":{"line":1,"column":55}},"1":{"start":{"line":2,"column":0},"end":{"line":2,"column":48}},"2":{"start":{"line":5,"column":22},"end":{"line":30,"column":null}},"3":{"start":{"line":7,"column":88},"end":{"line":16,"column":null}},"4":{"start":{"line":8,"column":12},"end":{"line":8,"column":65}},"5":{"start":{"line":8,"column":20},"end":{"line":8,"column":65}},"6":{"start":{"line":9,"column":12},"end":{"line":9,"column":75}},"7":{"start":{"line":9,"column":33},"end":{"line":9,"column":75}},"8":{"start":{"line":11,"column":38},"end":{"line":11,"column":66}},"9":{"start":{"line":13,"column":12},"end":{"line":13,"column":75}},"10":{"start":{"line":13,"column":22},"end":{"line":13,"column":75}},"11":{"start":{"line":15,"column":12},"end":{"line":15,"column":24}},"12":{"start":{"line":17,"column":29},"end":{"line":23,"column":null}},"13":{"start":{"line":18,"column":41},"end":{"line":18,"column":65}},"14":{"start":{"line":20,"column":12},"end":{"line":20,"column":67}},"15":{"start":{"line":20,"column":23},"end":{"line":20,"column":67}},"16":{"start":{"line":22,"column":12},"end":{"line":22,"column":25}},"17":{"start":{"line":32,"column":0},"end":{"line":32,"column":29}}},"fnMap":{"0":{"name":"(anonymous_8)","decl":{"start":{"line":7,"column":17},"end":{"line":7,"column":24}},"loc":{"start":{"line":7,"column":88},"end":{"line":16,"column":null}}},"1":{"name":"(anonymous_9)","decl":{"start":{"line":7,"column":88},"end":{"line":7,"column":null}},"loc":{"start":{"line":7,"column":88},"end":{"line":16,"column":9}}},"2":{"name":"(anonymous_10)","decl":{"start":{"line":17,"column":18},"end":{"line":17,"column":27}},"loc":{"start":{"line":17,"column":29},"end":{"line":23,"column":null}}},"3":{"name":"(anonymous_11)","decl":{"start":{"line":17,"column":29},"end":{"line":17,"column":null}},"loc":{"start":{"line":17,"column":29},"end":{"line":23,"column":9}}},"4":{"name":"(anonymous_12)","decl":{"start":{"line":26,"column":20},"end":{"line":26,"column":23}},"loc":{"start":{"line":26,"column":25},"end":{"line":26,"column":28}}},"5":{"name":"(anonymous_13)","decl":{"start":{"line":27,"column":20},"end":{"line":27,"column":23}},"loc":{"start":{"line":27,"column":25},"end":{"line":27,"column":28}}},"6":{"name":"(anonymous_14)","decl":{"start":{"line":28,"column":20},"end":{"line":28,"column":23}},"loc":{"start":{"line":28,"column":25},"end":{"line":28,"column":28}}}},"branchMap":{"0":{"loc":{"start":{"line":8,"column":12},"end":{"line":8,"column":65}},"type":"if","locations":[{"start":{"line":8,"column":12},"end":{"line":8,"column":65}}]},"1":{"loc":{"start":{"line":9,"column":12},"end":{"line":9,"column":75}},"type":"if","locations":[{"start":{"line":9,"column":12},"end":{"line":9,"column":75}}]},"2":{"loc":{"start":{"line":13,"column":12},"end":{"line":13,"column":75}},"type":"if","locations":[{"start":{"line":13,"column":12},"end":{"line":13,"column":75}}]},"3":{"loc":{"start":{"line":20,"column":12},"end":{"line":20,"column":67}},"type":"if","locations":[{"start":{"line":20,"column":12},"end":{"line":20,"column":67}}]}},"s":{"0":1,"1":1,"2":1,"3":4,"4":4,"5":1,"6":3,"7":1,"8":2,"9":2,"10":1,"11":1,"12":1,"13":1,"14":1,"15":0,"16":1,"17":1},"f":{"0":4,"1":4,"2":1,"3":1,"4":0,"5":0,"6":0},"b":{"0":[1],"1":[1],"2":[1],"3":[0]}}
,"C:\\Nadruki\\magazyn-serwer\\src\\models\\Product.model.ts": {"path":"C:\\Nadruki\\magazyn-serwer\\src\\models\\Product.model.ts","statementMap":{"0":{"start":{"line":1,"column":0},"end":{"line":1,"column":32}},"1":{"start":{"line":4,"column":22},"end":{"line":34,"column":2}},"2":{"start":{"line":39,"column":9},"end":{"line":39,"column":22}},"3":{"start":{"line":36,"column":21},"end":{"line":36,"column":61}},"4":{"start":{"line":38,"column":0},"end":{"line":38,"column":28}}},"fnMap":{},"branchMap":{},"s":{"0":2,"1":2,"2":2,"3":2,"4":2},"f":{},"b":{}}
,"C:\\Nadruki\\magazyn-serwer\\src\\models\\Task.model.ts": {"path":"C:\\Nadruki\\magazyn-serwer\\src\\models\\Task.model.ts","statementMap":{"0":{"start":{"line":1,"column":0},"end":{"line":1,"column":32}},"1":{"start":{"line":3,"column":0},"end":{"line":3,"column":48}},"2":{"start":{"line":5,"column":19},"end":{"line":22,"column":2}},"3":{"start":{"line":27,"column":9},"end":{"line":27,"column":19}},"4":{"start":{"line":24,"column":18},"end":{"line":24,"column":52}},"5":{"start":{"line":26,"column":0},"end":{"line":26,"column":25}}},"fnMap":{},"branchMap":{},"s":{"0":1,"1":1,"2":1,"3":1,"4":1,"5":1},"f":{},"b":{}}
}
