TN:
SF:src\helpers.ts
FN:3,filterData
FN:31,sortData
FNF:2
FNH:2
FNDA:6,filterData
FNDA:5,sortData
DA:4,6
DA:6,6
DA:7,7
DA:8,7
DA:9,7
DA:11,7
DA:13,1
DA:14,1
DA:16,5
DA:17,5
DA:19,1
DA:22,7
DA:24,7
DA:25,7
DA:28,6
DA:32,5
DA:34,5
DA:35,6
DA:36,6
DA:39,5
DA:42,1
LF:21
LH:21
BRDA:11,0,0,1
BRDA:11,0,1,5
BRDA:11,0,2,1
BRDA:36,1,0,4
BRDA:36,1,1,2
BRF:5
BRH:5
end_of_record
TN:
SF:src\graphql\resolvers\productResolvers.ts
FN:8,(anonymous_8)
FN:13,(anonymous_9)
FN:22,(anonymous_10)
FN:22,(anonymous_11)
FN:23,(anonymous_12)
FN:28,(anonymous_13)
FN:34,(anonymous_14)
FN:39,(anonymous_15)
FN:46,(anonymous_16)
FN:51,(anonymous_17)
FN:55,(anonymous_18)
FN:60,(anonymous_19)
FN:79,(anonymous_20)
FN:83,(anonymous_21)
FNF:14
FNH:14
FNDA:4,(anonymous_8)
FNDA:4,(anonymous_9)
FNDA:1,(anonymous_10)
FNDA:1,(anonymous_11)
FNDA:6,(anonymous_12)
FNDA:6,(anonymous_13)
FNDA:5,(anonymous_14)
FNDA:5,(anonymous_15)
FNDA:2,(anonymous_16)
FNDA:2,(anonymous_17)
FNDA:4,(anonymous_18)
FNDA:4,(anonymous_19)
FNDA:3,(anonymous_20)
FNDA:3,(anonymous_21)
DA:1,1
DA:3,1
DA:4,1
DA:6,1
DA:13,4
DA:14,4
DA:15,3
DA:17,2
DA:18,2
DA:20,1
DA:22,1
DA:28,6
DA:29,6
DA:30,5
DA:32,1
DA:39,5
DA:40,5
DA:41,4
DA:42,3
DA:51,2
DA:52,2
DA:53,1
DA:60,4
DA:61,4
DA:63,3
DA:64,3
DA:66,3
DA:68,2
DA:69,4
DA:70,4
DA:73,2
DA:75,2
DA:77,1
DA:83,3
DA:84,3
DA:86,2
DA:88,2
DA:90,1
DA:95,1
LF:39
LH:39
BRDA:14,0,0,1
BRDA:15,1,0,1
BRDA:18,2,0,1
BRDA:29,3,0,1
BRDA:29,4,0,6
BRDA:29,4,1,6
BRDA:29,4,2,6
BRDA:30,5,0,4
BRDA:40,6,0,1
BRDA:40,7,0,5
BRDA:40,7,1,5
BRDA:40,7,2,5
BRDA:41,8,0,1
BRDA:48,9,0,1
BRDA:48,10,0,1
BRDA:48,11,0,1
BRDA:48,12,0,1
BRDA:48,13,0,1
BRDA:48,14,0,1
BRDA:48,15,0,1
BRDA:52,16,0,1
BRDA:52,17,0,2
BRDA:52,17,1,1
BRDA:61,18,0,1
BRDA:61,19,0,4
BRDA:61,19,1,4
BRDA:61,19,2,4
BRDA:66,20,0,1
BRDA:70,21,0,2
BRDA:75,22,0,1
BRDA:84,23,0,1
BRDA:88,24,0,1
BRF:32
BRH:32
end_of_record
TN:
SF:src\graphql\resolvers\taskResolvers.ts
FN:8,(anonymous_8)
FN:8,(anonymous_9)
FN:18,(anonymous_10)
FN:18,(anonymous_11)
FN:27,(anonymous_12)
FN:27,(anonymous_13)
FN:37,(anonymous_14)
FN:42,(anonymous_15)
FN:61,(anonymous_16)
FN:61,(anonymous_17)
FNF:10
FNH:10
FNDA:4,(anonymous_8)
FNDA:4,(anonymous_9)
FNDA:2,(anonymous_10)
FNDA:2,(anonymous_11)
FNDA:5,(anonymous_12)
FNDA:5,(anonymous_13)
FNDA:4,(anonymous_14)
FNDA:4,(anonymous_15)
FNDA:3,(anonymous_16)
FNDA:3,(anonymous_17)
DA:1,1
DA:2,1
DA:6,1
DA:8,4
DA:9,4
DA:10,3
DA:12,2
DA:14,2
DA:16,1
DA:18,2
DA:19,2
DA:21,2
DA:23,1
DA:27,5
DA:28,5
DA:29,4
DA:30,3
DA:31,2
DA:33,1
DA:35,1
DA:42,4
DA:43,4
DA:45,3
DA:46,3
DA:48,3
DA:50,2
DA:51,4
DA:52,4
DA:55,2
DA:57,2
DA:59,1
DA:61,3
DA:62,3
DA:64,2
DA:66,2
DA:68,1
DA:73,1
LF:37
LH:37
BRDA:9,0,0,1
BRDA:10,1,0,1
BRDA:14,2,0,1
BRDA:21,3,0,1
BRDA:28,4,0,1
BRDA:29,5,0,1
BRDA:30,6,0,1
BRDA:31,7,0,1
BRDA:31,8,0,2
BRDA:31,8,1,2
BRDA:43,9,0,1
BRDA:43,10,0,4
BRDA:43,10,1,4
BRDA:43,10,2,4
BRDA:48,11,0,1
BRDA:52,12,0,2
BRDA:57,13,0,1
BRDA:62,14,0,1
BRDA:62,15,0,3
BRDA:62,15,1,3
BRDA:66,16,0,1
BRF:21
BRH:21
end_of_record
TN:
SF:src\models\Product.model.ts
FNF:0
FNH:0
DA:1,2
DA:4,2
DA:36,2
DA:38,2
DA:39,2
LF:5
LH:5
BRF:0
BRH:0
end_of_record
TN:
SF:src\models\Task.model.ts
FNF:0
FNH:0
DA:1,1
DA:4,1
DA:30,1
DA:32,1
DA:33,1
LF:5
LH:5
BRF:0
BRH:0
end_of_record
TN:
SF:tests\mockData.ts
FNF:0
FNH:0
DA:3,2
DA:46,2
DA:98,2
DA:99,2
LF:4
LH:4
BRF:0
BRH:0
end_of_record
