TN:
SF:src\helpers.ts
FN:3,filterData
FN:31,sortData
FNF:2
FNH:2
FNDA:6,filterData
FNDA:5,sortData
DA:4,6
DA:6,6
DA:7,7
DA:8,7
DA:9,7
DA:11,7
DA:13,1
DA:14,1
DA:16,5
DA:17,5
DA:19,1
DA:22,7
DA:24,7
DA:25,7
DA:28,6
DA:32,5
DA:34,5
DA:35,6
DA:36,6
DA:39,5
DA:42,1
LF:21
LH:21
BRDA:11,0,0,1
BRDA:11,0,1,5
BRDA:11,0,2,1
BRDA:36,1,0,4
BRDA:36,1,1,2
BRF:5
BRH:5
end_of_record
TN:
SF:src\graphql\resolvers\productResolvers.ts
FN:8,(anonymous_8)
FN:13,(anonymous_9)
FN:22,(anonymous_10)
FN:22,(anonymous_11)
FN:23,(anonymous_12)
FN:28,(anonymous_13)
FN:34,(anonymous_14)
FN:39,(anonymous_15)
FN:46,(anonymous_16)
FN:51,(anonymous_17)
FN:55,(anonymous_18)
FN:60,(anonymous_19)
FN:78,(anonymous_20)
FN:82,(anonymous_21)
FNF:14
FNH:14
FNDA:4,(anonymous_8)
FNDA:4,(anonymous_9)
FNDA:1,(anonymous_10)
FNDA:1,(anonymous_11)
FNDA:6,(anonymous_12)
FNDA:6,(anonymous_13)
FNDA:5,(anonymous_14)
FNDA:5,(anonymous_15)
FNDA:2,(anonymous_16)
FNDA:2,(anonymous_17)
FNDA:4,(anonymous_18)
FNDA:4,(anonymous_19)
FNDA:3,(anonymous_20)
FNDA:3,(anonymous_21)
DA:1,1
DA:3,1
DA:4,1
DA:6,1
DA:13,4
DA:14,4
DA:15,3
DA:17,2
DA:18,2
DA:20,1
DA:22,1
DA:28,6
DA:29,6
DA:30,5
DA:32,1
DA:39,5
DA:40,5
DA:41,4
DA:42,3
DA:51,2
DA:52,2
DA:53,1
DA:60,4
DA:61,4
DA:62,3
DA:63,3
DA:65,3
DA:67,2
DA:68,4
DA:69,4
DA:72,2
DA:74,2
DA:76,1
DA:82,3
DA:83,3
DA:85,2
DA:87,2
DA:89,1
DA:94,1
LF:39
LH:39
BRDA:14,0,0,1
BRDA:15,1,0,1
BRDA:18,2,0,1
BRDA:29,3,0,1
BRDA:29,4,0,6
BRDA:29,4,1,6
BRDA:29,4,2,6
BRDA:30,5,0,4
BRDA:40,6,0,1
BRDA:40,7,0,5
BRDA:40,7,1,5
BRDA:40,7,2,5
BRDA:41,8,0,1
BRDA:48,9,0,1
BRDA:48,10,0,1
BRDA:48,11,0,1
BRDA:48,12,0,1
BRDA:48,13,0,1
BRDA:48,14,0,1
BRDA:48,15,0,1
BRDA:52,16,0,1
BRDA:52,17,0,2
BRDA:52,17,1,1
BRDA:61,18,0,1
BRDA:61,19,0,4
BRDA:61,19,1,4
BRDA:61,19,2,4
BRDA:65,20,0,1
BRDA:69,21,0,2
BRDA:74,22,0,1
BRDA:83,23,0,1
BRDA:87,24,0,1
BRF:32
BRH:32
end_of_record
TN:
SF:src\graphql\resolvers\taskResolvers.ts
FN:7,(anonymous_8)
FN:7,(anonymous_9)
FN:17,(anonymous_10)
FN:17,(anonymous_11)
FN:26,(anonymous_12)
FN:27,(anonymous_13)
FN:28,(anonymous_14)
FNF:7
FNH:4
FNDA:4,(anonymous_8)
FNDA:4,(anonymous_9)
FNDA:1,(anonymous_10)
FNDA:1,(anonymous_11)
FNDA:0,(anonymous_12)
FNDA:0,(anonymous_13)
FNDA:0,(anonymous_14)
DA:1,1
DA:2,1
DA:5,1
DA:7,4
DA:8,4
DA:9,3
DA:11,2
DA:13,2
DA:15,1
DA:17,1
DA:18,1
DA:20,1
DA:22,1
DA:32,1
LF:14
LH:14
BRDA:8,0,0,1
BRDA:9,1,0,1
BRDA:13,2,0,1
BRDA:20,3,0,0
BRF:4
BRH:3
end_of_record
TN:
SF:src\models\Product.model.ts
FNF:0
FNH:0
DA:1,2
DA:4,2
DA:36,2
DA:38,2
DA:39,2
LF:5
LH:5
BRF:0
BRH:0
end_of_record
TN:
SF:src\models\Task.model.ts
FNF:0
FNH:0
DA:1,1
DA:3,1
DA:5,1
DA:24,1
DA:26,1
DA:27,1
LF:6
LH:6
BRF:0
BRH:0
end_of_record
